<?xml version="1.0" encoding="UTF-8"?>
<coverage generated="1702027512443" clover="3.2.0">
  <project timestamp="1702027512443" name="All files">
    <metrics statements="158" coveredstatements="103" conditionals="25" coveredconditionals="21" methods="10" coveredmethods="6" elements="193" coveredelements="130" complexity="0" loc="158" ncloc="158" packages="2" files="5" classes="5"/>
    <package name="mintos-fe-task">
      <metrics statements="17" coveredstatements="0" conditionals="2" coveredconditionals="0" methods="2" coveredmethods="0"/>
      <file name="postcss.config.js" path="/Users/vladislavzimnikov/Projects/mintos-fe-task/postcss.config.js">
        <metrics statements="6" coveredstatements="0" conditionals="1" coveredconditionals="0" methods="1" coveredmethods="0"/>
        <line num="1" count="0" type="cond" truecount="0" falsecount="1"/>
        <line num="2" count="0" type="stmt"/>
        <line num="3" count="0" type="stmt"/>
        <line num="4" count="0" type="stmt"/>
        <line num="5" count="0" type="stmt"/>
        <line num="6" count="0" type="stmt"/>
      </file>
      <file name="tailwind.config.js" path="/Users/vladislavzimnikov/Projects/mintos-fe-task/tailwind.config.js">
        <metrics statements="11" coveredstatements="0" conditionals="1" coveredconditionals="0" methods="1" coveredmethods="0"/>
        <line num="1" count="0" type="cond" truecount="0" falsecount="1"/>
        <line num="2" count="0" type="stmt"/>
        <line num="3" count="0" type="stmt"/>
        <line num="4" count="0" type="stmt"/>
        <line num="5" count="0" type="stmt"/>
        <line num="6" count="0" type="stmt"/>
        <line num="7" count="0" type="stmt"/>
        <line num="8" count="0" type="stmt"/>
        <line num="9" count="0" type="stmt"/>
        <line num="10" count="0" type="stmt"/>
        <line num="11" count="0" type="stmt"/>
      </file>
    </package>
    <package name="mintos-fe-task.src">
      <metrics statements="141" coveredstatements="103" conditionals="23" coveredconditionals="21" methods="8" coveredmethods="6"/>
      <file name="App.tsx" path="/Users/vladislavzimnikov/Projects/mintos-fe-task/src/App.tsx">
        <metrics statements="28" coveredstatements="0" conditionals="1" coveredconditionals="0" methods="1" coveredmethods="0"/>
        <line num="1" count="0" type="cond" truecount="0" falsecount="1"/>
        <line num="2" count="0" type="stmt"/>
        <line num="3" count="0" type="stmt"/>
        <line num="4" count="0" type="stmt"/>
        <line num="5" count="0" type="stmt"/>
        <line num="6" count="0" type="stmt"/>
        <line num="7" count="0" type="stmt"/>
        <line num="8" count="0" type="stmt"/>
        <line num="9" count="0" type="stmt"/>
        <line num="10" count="0" type="stmt"/>
        <line num="11" count="0" type="stmt"/>
        <line num="12" count="0" type="stmt"/>
        <line num="13" count="0" type="stmt"/>
        <line num="14" count="0" type="stmt"/>
        <line num="15" count="0" type="stmt"/>
        <line num="16" count="0" type="stmt"/>
        <line num="17" count="0" type="stmt"/>
        <line num="18" count="0" type="stmt"/>
        <line num="19" count="0" type="stmt"/>
        <line num="20" count="0" type="stmt"/>
        <line num="21" count="0" type="stmt"/>
        <line num="22" count="0" type="stmt"/>
        <line num="23" count="0" type="stmt"/>
        <line num="24" count="0" type="stmt"/>
        <line num="25" count="0" type="stmt"/>
        <line num="26" count="0" type="stmt"/>
        <line num="27" count="0" type="stmt"/>
        <line num="28" count="0" type="stmt"/>
      </file>
      <file name="currency-selector.tsx" path="/Users/vladislavzimnikov/Projects/mintos-fe-task/src/currency-selector.tsx">
        <metrics statements="103" coveredstatements="103" conditionals="21" coveredconditionals="21" methods="6" coveredmethods="6"/>
        <line num="1" count="1" type="stmt"/>
        <line num="2" count="1" type="stmt"/>
        <line num="3" count="1" type="stmt"/>
        <line num="4" count="1" type="stmt"/>
        <line num="5" count="1" type="stmt"/>
        <line num="6" count="1" type="stmt"/>
        <line num="7" count="1" type="stmt"/>
        <line num="8" count="217" type="cond" truecount="1" falsecount="0"/>
        <line num="9" count="217" type="stmt"/>
        <line num="10" count="217" type="stmt"/>
        <line num="11" count="217" type="stmt"/>
        <line num="12" count="217" type="stmt"/>
        <line num="13" count="217" type="stmt"/>
        <line num="14" count="217" type="stmt"/>
        <line num="15" count="217" type="stmt"/>
        <line num="16" count="217" type="stmt"/>
        <line num="17" count="217" type="stmt"/>
        <line num="18" count="217" type="stmt"/>
        <line num="19" count="217" type="stmt"/>
        <line num="20" count="217" type="cond" truecount="1" falsecount="0"/>
        <line num="21" count="217" type="stmt"/>
        <line num="22" count="217" type="stmt"/>
        <line num="23" count="217" type="stmt"/>
        <line num="24" count="217" type="stmt"/>
        <line num="25" count="217" type="stmt"/>
        <line num="26" count="217" type="stmt"/>
        <line num="27" count="217" type="stmt"/>
        <line num="28" count="1" type="stmt"/>
        <line num="29" count="1" type="stmt"/>
        <line num="30" count="1" type="stmt"/>
        <line num="31" count="1" type="stmt"/>
        <line num="32" count="1" type="stmt"/>
        <line num="33" count="1" type="stmt"/>
        <line num="34" count="1" type="stmt"/>
        <line num="35" count="1" type="stmt"/>
        <line num="36" count="1" type="cond" truecount="1" falsecount="0"/>
        <line num="37" count="77" type="stmt"/>
        <line num="38" count="77" type="stmt"/>
        <line num="39" count="77" type="stmt"/>
        <line num="40" count="77" type="stmt"/>
        <line num="41" count="77" type="stmt"/>
        <line num="42" count="77" type="stmt"/>
        <line num="43" count="77" type="stmt"/>
        <line num="44" count="77" type="cond" truecount="1" falsecount="0"/>
        <line num="45" count="62" type="stmt"/>
        <line num="46" count="62" type="stmt"/>
        <line num="47" count="62" type="cond" truecount="2" falsecount="0"/>
        <line num="48" count="62" type="stmt"/>
        <line num="49" count="62" type="cond" truecount="1" falsecount="0"/>
        <line num="50" count="37" type="cond" truecount="2" falsecount="0"/>
        <line num="51" count="62" type="cond" truecount="1" falsecount="0"/>
        <line num="52" count="25" type="cond" truecount="2" falsecount="0"/>
        <line num="53" count="25" type="stmt"/>
        <line num="54" count="62" type="stmt"/>
        <line num="55" count="77" type="stmt"/>
        <line num="56" count="77" type="cond" truecount="1" falsecount="0"/>
        <line num="57" count="50" type="cond" truecount="1" falsecount="0"/>
        <line num="58" count="37" type="stmt"/>
        <line num="59" count="50" type="cond" truecount="1" falsecount="0"/>
        <line num="60" count="13" type="cond" truecount="1" falsecount="0"/>
        <line num="61" count="13" type="stmt"/>
        <line num="62" count="50" type="stmt"/>
        <line num="63" count="77" type="stmt"/>
        <line num="64" count="77" type="stmt"/>
        <line num="65" count="77" type="stmt"/>
        <line num="66" count="77" type="stmt"/>
        <line num="67" count="77" type="stmt"/>
        <line num="68" count="77" type="stmt"/>
        <line num="69" count="77" type="stmt"/>
        <line num="70" count="77" type="stmt"/>
        <line num="71" count="77" type="stmt"/>
        <line num="72" count="77" type="cond" truecount="1" falsecount="0"/>
        <line num="73" count="217" type="stmt"/>
        <line num="74" count="217" type="stmt"/>
        <line num="75" count="217" type="cond" truecount="1" falsecount="0"/>
        <line num="76" count="217" type="cond" truecount="2" falsecount="0"/>
        <line num="77" count="217" type="stmt"/>
        <line num="78" count="77" type="stmt"/>
        <line num="79" count="77" type="stmt"/>
        <line num="80" count="77" type="stmt"/>
        <line num="81" count="77" type="stmt"/>
        <line num="82" count="77" type="stmt"/>
        <line num="83" count="77" type="cond" truecount="1" falsecount="0"/>
        <line num="84" count="693" type="stmt"/>
        <line num="85" count="693" type="stmt"/>
        <line num="86" count="693" type="stmt"/>
        <line num="87" count="693" type="stmt"/>
        <line num="88" count="693" type="stmt"/>
        <line num="89" count="693" type="stmt"/>
        <line num="90" count="693" type="stmt"/>
        <line num="91" count="693" type="stmt"/>
        <line num="92" count="693" type="stmt"/>
        <line num="93" count="693" type="stmt"/>
        <line num="94" count="693" type="stmt"/>
        <line num="95" count="693" type="stmt"/>
        <line num="96" count="693" type="stmt"/>
        <line num="97" count="693" type="stmt"/>
        <line num="98" count="693" type="stmt"/>
        <line num="99" count="77" type="stmt"/>
        <line num="100" count="77" type="stmt"/>
        <line num="101" count="77" type="stmt"/>
        <line num="102" count="77" type="stmt"/>
        <line num="103" count="77" type="stmt"/>
      </file>
      <file name="main.tsx" path="/Users/vladislavzimnikov/Projects/mintos-fe-task/src/main.tsx">
        <metrics statements="10" coveredstatements="0" conditionals="1" coveredconditionals="0" methods="1" coveredmethods="0"/>
        <line num="1" count="0" type="cond" truecount="0" falsecount="1"/>
        <line num="2" count="0" type="stmt"/>
        <line num="3" count="0" type="stmt"/>
        <line num="4" count="0" type="stmt"/>
        <line num="5" count="0" type="stmt"/>
        <line num="6" count="0" type="stmt"/>
        <line num="7" count="0" type="stmt"/>
        <line num="8" count="0" type="stmt"/>
        <line num="9" count="0" type="stmt"/>
        <line num="10" count="0" type="stmt"/>
      </file>
    </package>
  </project>
</coverage>
