{"/Users/vladislavzimnikov/Projects/mintos-fe-task/postcss.config.js": {"path":"/Users/vladislavzimnikov/Projects/mintos-fe-task/postcss.config.js","all":true,"statementMap":{"0":{"start":{"line":1,"column":0},"end":{"line":1,"column":16}},"1":{"start":{"line":2,"column":0},"end":{"line":2,"column":12}},"2":{"start":{"line":3,"column":0},"end":{"line":3,"column":20}},"3":{"start":{"line":4,"column":0},"end":{"line":4,"column":21}},"4":{"start":{"line":5,"column":0},"end":{"line":5,"column":4}},"5":{"start":{"line":6,"column":0},"end":{"line":6,"column":1}}},"s":{"0":0,"1":0,"2":0,"3":0,"4":0,"5":0},"branchMap":{"0":{"type":"branch","line":1,"loc":{"start":{"line":1,"column":0},"end":{"line":6,"column":1}},"locations":[{"start":{"line":1,"column":0},"end":{"line":6,"column":1}}]}},"b":{"0":[0]},"fnMap":{"0":{"name":"(empty-report)","decl":{"start":{"line":1,"column":0},"end":{"line":6,"column":1}},"loc":{"start":{"line":1,"column":0},"end":{"line":6,"column":1}},"line":1}},"f":{"0":0}}
,"/Users/vladislavzimnikov/Projects/mintos-fe-task/tailwind.config.js": {"path":"/Users/vladislavzimnikov/Projects/mintos-fe-task/tailwind.config.js","all":true,"statementMap":{"0":{"start":{"line":1,"column":0},"end":{"line":1,"column":43}},"1":{"start":{"line":2,"column":0},"end":{"line":2,"column":16}},"2":{"start":{"line":3,"column":0},"end":{"line":3,"column":12}},"3":{"start":{"line":4,"column":0},"end":{"line":4,"column":19}},"4":{"start":{"line":5,"column":0},"end":{"line":5,"column":33}},"5":{"start":{"line":6,"column":0},"end":{"line":6,"column":4}},"6":{"start":{"line":7,"column":0},"end":{"line":7,"column":10}},"7":{"start":{"line":8,"column":0},"end":{"line":8,"column":15}},"8":{"start":{"line":9,"column":0},"end":{"line":9,"column":4}},"9":{"start":{"line":10,"column":0},"end":{"line":10,"column":14}},"10":{"start":{"line":11,"column":0},"end":{"line":11,"column":1}}},"s":{"0":0,"1":0,"2":0,"3":0,"4":0,"5":0,"6":0,"7":0,"8":0,"9":0,"10":0},"branchMap":{"0":{"type":"branch","line":1,"loc":{"start":{"line":1,"column":0},"end":{"line":11,"column":1}},"locations":[{"start":{"line":1,"column":0},"end":{"line":11,"column":1}}]}},"b":{"0":[0]},"fnMap":{"0":{"name":"(empty-report)","decl":{"start":{"line":1,"column":0},"end":{"line":11,"column":1}},"loc":{"start":{"line":1,"column":0},"end":{"line":11,"column":1}},"line":1}},"f":{"0":0}}
,"/Users/vladislavzimnikov/Projects/mintos-fe-task/src/App.tsx": {"path":"/Users/vladislavzimnikov/Projects/mintos-fe-task/src/App.tsx","all":true,"statementMap":{"0":{"start":{"line":1,"column":0},"end":{"line":1,"column":55}},"1":{"start":{"line":2,"column":0},"end":{"line":2,"column":0}},"2":{"start":{"line":3,"column":0},"end":{"line":3,"column":16}},"3":{"start":{"line":4,"column":0},"end":{"line":4,"column":10}},"4":{"start":{"line":5,"column":0},"end":{"line":5,"column":8}},"5":{"start":{"line":6,"column":0},"end":{"line":6,"column":63}},"6":{"start":{"line":7,"column":0},"end":{"line":7,"column":5}},"7":{"start":{"line":8,"column":0},"end":{"line":8,"column":23}},"8":{"start":{"line":9,"column":0},"end":{"line":9,"column":21}},"9":{"start":{"line":10,"column":0},"end":{"line":10,"column":35}},"10":{"start":{"line":11,"column":0},"end":{"line":11,"column":35}},"11":{"start":{"line":12,"column":0},"end":{"line":12,"column":35}},"12":{"start":{"line":13,"column":0},"end":{"line":13,"column":35}},"13":{"start":{"line":14,"column":0},"end":{"line":14,"column":35}},"14":{"start":{"line":15,"column":0},"end":{"line":15,"column":35}},"15":{"start":{"line":16,"column":0},"end":{"line":16,"column":35}},"16":{"start":{"line":17,"column":0},"end":{"line":17,"column":35}},"17":{"start":{"line":18,"column":0},"end":{"line":18,"column":35}},"18":{"start":{"line":19,"column":0},"end":{"line":19,"column":10}},"19":{"start":{"line":20,"column":0},"end":{"line":20,"column":58}},"20":{"start":{"line":21,"column":0},"end":{"line":21,"column":66}},"21":{"start":{"line":22,"column":0},"end":{"line":22,"column":70}},"22":{"start":{"line":23,"column":0},"end":{"line":23,"column":8}},"23":{"start":{"line":24,"column":0},"end":{"line":24,"column":10}},"24":{"start":{"line":25,"column":0},"end":{"line":25,"column":4}},"25":{"start":{"line":26,"column":0},"end":{"line":26,"column":1}},"26":{"start":{"line":27,"column":0},"end":{"line":27,"column":0}},"27":{"start":{"line":28,"column":0},"end":{"line":28,"column":18}}},"s":{"0":0,"1":0,"2":0,"3":0,"4":0,"5":0,"6":0,"7":0,"8":0,"9":0,"10":0,"11":0,"12":0,"13":0,"14":0,"15":0,"16":0,"17":0,"18":0,"19":0,"20":0,"21":0,"22":0,"23":0,"24":0,"25":0,"26":0,"27":0},"branchMap":{"0":{"type":"branch","line":1,"loc":{"start":{"line":1,"column":0},"end":{"line":28,"column":18}},"locations":[{"start":{"line":1,"column":0},"end":{"line":28,"column":18}}]}},"b":{"0":[0]},"fnMap":{"0":{"name":"(empty-report)","decl":{"start":{"line":1,"column":0},"end":{"line":28,"column":18}},"loc":{"start":{"line":1,"column":0},"end":{"line":28,"column":18}},"line":1}},"f":{"0":0}}
,"/Users/vladislavzimnikov/Projects/mintos-fe-task/src/currency-selector.tsx": {"path":"/Users/vladislavzimnikov/Projects/mintos-fe-task/src/currency-selector.tsx","all":false,"statementMap":{"0":{"start":{"line":1,"column":0},"end":{"line":1,"column":33}},"1":{"start":{"line":2,"column":0},"end":{"line":2,"column":0}},"2":{"start":{"line":3,"column":0},"end":{"line":3,"column":23}},"3":{"start":{"line":4,"column":0},"end":{"line":4,"column":12}},"4":{"start":{"line":5,"column":0},"end":{"line":5,"column":14}},"5":{"start":{"line":6,"column":0},"end":{"line":6,"column":2}},"6":{"start":{"line":7,"column":0},"end":{"line":7,"column":0}},"7":{"start":{"line":8,"column":0},"end":{"line":8,"column":34}},"8":{"start":{"line":9,"column":0},"end":{"line":9,"column":27}},"9":{"start":{"line":10,"column":0},"end":{"line":10,"column":36}},"10":{"start":{"line":11,"column":0},"end":{"line":11,"column":4}},"11":{"start":{"line":12,"column":0},"end":{"line":12,"column":10}},"12":{"start":{"line":13,"column":0},"end":{"line":13,"column":8}},"13":{"start":{"line":14,"column":0},"end":{"line":14,"column":51}},"14":{"start":{"line":15,"column":0},"end":{"line":15,"column":60}},"15":{"start":{"line":16,"column":0},"end":{"line":16,"column":5}},"16":{"start":{"line":17,"column":0},"end":{"line":17,"column":27}},"17":{"start":{"line":18,"column":0},"end":{"line":18,"column":13}},"18":{"start":{"line":19,"column":0},"end":{"line":19,"column":218}},"19":{"start":{"line":20,"column":0},"end":{"line":20,"column":61}},"20":{"start":{"line":21,"column":0},"end":{"line":21,"column":59}},"21":{"start":{"line":22,"column":0},"end":{"line":22,"column":7}},"22":{"start":{"line":23,"column":0},"end":{"line":23,"column":9}},"23":{"start":{"line":24,"column":0},"end":{"line":24,"column":15}},"24":{"start":{"line":25,"column":0},"end":{"line":25,"column":10}},"25":{"start":{"line":26,"column":0},"end":{"line":26,"column":4}},"26":{"start":{"line":27,"column":0},"end":{"line":27,"column":1}},"27":{"start":{"line":28,"column":0},"end":{"line":28,"column":0}},"28":{"start":{"line":29,"column":0},"end":{"line":29,"column":3}},"29":{"start":{"line":30,"column":0},"end":{"line":30,"column":33}},"30":{"start":{"line":31,"column":0},"end":{"line":31,"column":62}},"31":{"start":{"line":32,"column":0},"end":{"line":32,"column":117}},"32":{"start":{"line":33,"column":0},"end":{"line":33,"column":99}},"33":{"start":{"line":34,"column":0},"end":{"line":34,"column":105}},"34":{"start":{"line":35,"column":0},"end":{"line":35,"column":3}},"35":{"start":{"line":36,"column":0},"end":{"line":36,"column":41}},"36":{"start":{"line":37,"column":0},"end":{"line":37,"column":30}},"37":{"start":{"line":38,"column":0},"end":{"line":38,"column":51}},"38":{"start":{"line":39,"column":0},"end":{"line":39,"column":47}},"39":{"start":{"line":40,"column":0},"end":{"line":40,"column":49}},"40":{"start":{"line":41,"column":0},"end":{"line":41,"column":4}},"41":{"start":{"line":42,"column":0},"end":{"line":42,"column":77}},"42":{"start":{"line":43,"column":0},"end":{"line":43,"column":0}},"43":{"start":{"line":44,"column":0},"end":{"line":44,"column":54}},"44":{"start":{"line":45,"column":0},"end":{"line":45,"column":67}},"45":{"start":{"line":46,"column":0},"end":{"line":46,"column":38}},"46":{"start":{"line":47,"column":0},"end":{"line":47,"column":94}},"47":{"start":{"line":48,"column":0},"end":{"line":48,"column":0}},"48":{"start":{"line":49,"column":0},"end":{"line":49,"column":19}},"49":{"start":{"line":50,"column":0},"end":{"line":50,"column":104}},"50":{"start":{"line":51,"column":0},"end":{"line":51,"column":12}},"51":{"start":{"line":52,"column":0},"end":{"line":52,"column":98}},"52":{"start":{"line":53,"column":0},"end":{"line":53,"column":5}},"53":{"start":{"line":54,"column":0},"end":{"line":54,"column":3}},"54":{"start":{"line":55,"column":0},"end":{"line":55,"column":0}},"55":{"start":{"line":56,"column":0},"end":{"line":56,"column":68}},"56":{"start":{"line":57,"column":0},"end":{"line":57,"column":31}},"57":{"start":{"line":58,"column":0},"end":{"line":58,"column":65}},"58":{"start":{"line":59,"column":0},"end":{"line":59,"column":12}},"59":{"start":{"line":60,"column":0},"end":{"line":60,"column":82}},"60":{"start":{"line":61,"column":0},"end":{"line":61,"column":5}},"61":{"start":{"line":62,"column":0},"end":{"line":62,"column":3}},"62":{"start":{"line":63,"column":0},"end":{"line":63,"column":0}},"63":{"start":{"line":64,"column":0},"end":{"line":64,"column":10}},"64":{"start":{"line":65,"column":0},"end":{"line":65,"column":8}},"65":{"start":{"line":66,"column":0},"end":{"line":66,"column":44}},"66":{"start":{"line":67,"column":0},"end":{"line":67,"column":37}},"67":{"start":{"line":68,"column":0},"end":{"line":68,"column":5}},"68":{"start":{"line":69,"column":0},"end":{"line":69,"column":10}},"69":{"start":{"line":70,"column":0},"end":{"line":70,"column":54}},"70":{"start":{"line":71,"column":0},"end":{"line":71,"column":7}},"71":{"start":{"line":72,"column":0},"end":{"line":72,"column":41}},"72":{"start":{"line":73,"column":0},"end":{"line":73,"column":27}},"73":{"start":{"line":74,"column":0},"end":{"line":74,"column":20}},"74":{"start":{"line":75,"column":0},"end":{"line":75,"column":79}},"75":{"start":{"line":76,"column":0},"end":{"line":76,"column":113}},"76":{"start":{"line":77,"column":0},"end":{"line":77,"column":12}},"77":{"start":{"line":78,"column":0},"end":{"line":78,"column":11}},"78":{"start":{"line":79,"column":0},"end":{"line":79,"column":12}},"79":{"start":{"line":80,"column":0},"end":{"line":80,"column":10}},"80":{"start":{"line":81,"column":0},"end":{"line":81,"column":42}},"81":{"start":{"line":82,"column":0},"end":{"line":82,"column":7}},"82":{"start":{"line":83,"column":0},"end":{"line":83,"column":45}},"83":{"start":{"line":84,"column":0},"end":{"line":84,"column":16}},"84":{"start":{"line":85,"column":0},"end":{"line":85,"column":113}},"85":{"start":{"line":86,"column":0},"end":{"line":86,"column":29}},"86":{"start":{"line":87,"column":0},"end":{"line":87,"column":56}},"87":{"start":{"line":88,"column":0},"end":{"line":88,"column":11}},"88":{"start":{"line":89,"column":0},"end":{"line":89,"column":18}},"89":{"start":{"line":90,"column":0},"end":{"line":90,"column":29}},"90":{"start":{"line":91,"column":0},"end":{"line":91,"column":30}},"91":{"start":{"line":92,"column":0},"end":{"line":92,"column":31}},"92":{"start":{"line":93,"column":0},"end":{"line":93,"column":64}},"93":{"start":{"line":94,"column":0},"end":{"line":94,"column":30}},"94":{"start":{"line":95,"column":0},"end":{"line":95,"column":33}},"95":{"start":{"line":96,"column":0},"end":{"line":96,"column":14}},"96":{"start":{"line":97,"column":0},"end":{"line":97,"column":27}},"97":{"start":{"line":98,"column":0},"end":{"line":98,"column":18}},"98":{"start":{"line":99,"column":0},"end":{"line":99,"column":11}},"99":{"start":{"line":100,"column":0},"end":{"line":100,"column":12}},"100":{"start":{"line":101,"column":0},"end":{"line":101,"column":10}},"101":{"start":{"line":102,"column":0},"end":{"line":102,"column":4}},"102":{"start":{"line":103,"column":0},"end":{"line":103,"column":1}}},"s":{"0":1,"1":1,"2":1,"3":1,"4":1,"5":1,"6":1,"7":217,"8":217,"9":217,"10":217,"11":217,"12":217,"13":217,"14":217,"15":217,"16":217,"17":217,"18":217,"19":217,"20":217,"21":217,"22":217,"23":217,"24":217,"25":217,"26":217,"27":1,"28":1,"29":1,"30":1,"31":1,"32":1,"33":1,"34":1,"35":1,"36":77,"37":77,"38":77,"39":77,"40":77,"41":77,"42":77,"43":77,"44":62,"45":62,"46":62,"47":62,"48":62,"49":37,"50":62,"51":25,"52":25,"53":62,"54":77,"55":77,"56":50,"57":37,"58":50,"59":13,"60":13,"61":50,"62":77,"63":77,"64":77,"65":77,"66":77,"67":77,"68":77,"69":77,"70":77,"71":77,"72":217,"73":217,"74":217,"75":217,"76":217,"77":77,"78":77,"79":77,"80":77,"81":77,"82":77,"83":693,"84":693,"85":693,"86":693,"87":693,"88":693,"89":693,"90":693,"91":693,"92":693,"93":693,"94":693,"95":693,"96":693,"97":693,"98":77,"99":77,"100":77,"101":77,"102":77},"branchMap":{"0":{"type":"branch","line":8,"loc":{"start":{"line":8,"column":0},"end":{"line":27,"column":1}},"locations":[{"start":{"line":8,"column":0},"end":{"line":27,"column":1}}]},"1":{"type":"branch","line":20,"loc":{"start":{"line":20,"column":17},"end":{"line":20,"column":61}},"locations":[{"start":{"line":20,"column":17},"end":{"line":20,"column":61}}]},"2":{"type":"branch","line":36,"loc":{"start":{"line":36,"column":7},"end":{"line":103,"column":1}},"locations":[{"start":{"line":36,"column":7},"end":{"line":103,"column":1}}]},"3":{"type":"branch","line":44,"loc":{"start":{"line":44,"column":27},"end":{"line":54,"column":3}},"locations":[{"start":{"line":44,"column":27},"end":{"line":54,"column":3}}]},"4":{"type":"branch","line":47,"loc":{"start":{"line":47,"column":10},"end":{"line":47,"column":94}},"locations":[{"start":{"line":47,"column":10},"end":{"line":47,"column":94}}]},"5":{"type":"branch","line":49,"loc":{"start":{"line":49,"column":18},"end":{"line":51,"column":11}},"locations":[{"start":{"line":49,"column":18},"end":{"line":51,"column":11}}]},"6":{"type":"branch","line":50,"loc":{"start":{"line":50,"column":12},"end":{"line":50,"column":104}},"locations":[{"start":{"line":50,"column":12},"end":{"line":50,"column":104}}]},"7":{"type":"branch","line":51,"loc":{"start":{"line":51,"column":4},"end":{"line":53,"column":5}},"locations":[{"start":{"line":51,"column":4},"end":{"line":53,"column":5}}]},"8":{"type":"branch","line":52,"loc":{"start":{"line":52,"column":12},"end":{"line":52,"column":98}},"locations":[{"start":{"line":52,"column":12},"end":{"line":52,"column":98}}]},"9":{"type":"branch","line":47,"loc":{"start":{"line":47,"column":45},"end":{"line":47,"column":91}},"locations":[{"start":{"line":47,"column":45},"end":{"line":47,"column":91}}]},"10":{"type":"branch","line":50,"loc":{"start":{"line":50,"column":45},"end":{"line":50,"column":100}},"locations":[{"start":{"line":50,"column":45},"end":{"line":50,"column":100}}]},"11":{"type":"branch","line":52,"loc":{"start":{"line":52,"column":47},"end":{"line":52,"column":94}},"locations":[{"start":{"line":52,"column":47},"end":{"line":52,"column":94}}]},"12":{"type":"branch","line":56,"loc":{"start":{"line":56,"column":19},"end":{"line":62,"column":3}},"locations":[{"start":{"line":56,"column":19},"end":{"line":62,"column":3}}]},"13":{"type":"branch","line":57,"loc":{"start":{"line":57,"column":30},"end":{"line":59,"column":11}},"locations":[{"start":{"line":57,"column":30},"end":{"line":59,"column":11}}]},"14":{"type":"branch","line":59,"loc":{"start":{"line":59,"column":4},"end":{"line":61,"column":5}},"locations":[{"start":{"line":59,"column":4},"end":{"line":61,"column":5}}]},"15":{"type":"branch","line":60,"loc":{"start":{"line":60,"column":49},"end":{"line":60,"column":79}},"locations":[{"start":{"line":60,"column":49},"end":{"line":60,"column":79}}]},"16":{"type":"branch","line":72,"loc":{"start":{"line":72,"column":32},"end":{"line":77,"column":12}},"locations":[{"start":{"line":72,"column":32},"end":{"line":77,"column":12}}]},"17":{"type":"branch","line":75,"loc":{"start":{"line":75,"column":44},"end":{"line":75,"column":76}},"locations":[{"start":{"line":75,"column":44},"end":{"line":75,"column":76}}]},"18":{"type":"branch","line":76,"loc":{"start":{"line":76,"column":26},"end":{"line":76,"column":113}},"locations":[{"start":{"line":76,"column":26},"end":{"line":76,"column":113}}]},"19":{"type":"branch","line":76,"loc":{"start":{"line":76,"column":77},"end":{"line":76,"column":110}},"locations":[{"start":{"line":76,"column":77},"end":{"line":76,"column":110}}]},"20":{"type":"branch","line":83,"loc":{"start":{"line":83,"column":30},"end":{"line":98,"column":18}},"locations":[{"start":{"line":83,"column":30},"end":{"line":98,"column":18}}]}},"b":{"0":[217],"1":[12],"2":[77],"3":[62],"4":[5],"5":[37],"6":[2],"7":[25],"8":[2],"9":[45],"10":[2],"11":[2],"12":[50],"13":[37],"14":[13],"15":[49],"16":[217],"17":[985],"18":[12],"19":[48],"20":[693]},"fnMap":{"0":{"name":"SelectedCurrency","decl":{"start":{"line":8,"column":0},"end":{"line":27,"column":1}},"loc":{"start":{"line":8,"column":0},"end":{"line":27,"column":1}},"line":8},"1":{"name":"onClick","decl":{"start":{"line":20,"column":17},"end":{"line":20,"column":61}},"loc":{"start":{"line":20,"column":17},"end":{"line":20,"column":61}},"line":20},"2":{"name":"CurrencySelector","decl":{"start":{"line":36,"column":7},"end":{"line":103,"column":1}},"loc":{"start":{"line":36,"column":7},"end":{"line":103,"column":1}},"line":36},"3":{"name":"changeCurrencies","decl":{"start":{"line":44,"column":27},"end":{"line":54,"column":3}},"loc":{"start":{"line":44,"column":27},"end":{"line":54,"column":3}},"line":44},"4":{"name":"onChange","decl":{"start":{"line":56,"column":19},"end":{"line":62,"column":3}},"loc":{"start":{"line":56,"column":19},"end":{"line":62,"column":3}},"line":56},"5":{"name":"onCloseClick","decl":{"start":{"line":76,"column":26},"end":{"line":76,"column":113}},"loc":{"start":{"line":76,"column":26},"end":{"line":76,"column":113}},"line":76}},"f":{"0":217,"1":12,"2":77,"3":62,"4":50,"5":12}}
,"/Users/vladislavzimnikov/Projects/mintos-fe-task/src/main.tsx": {"path":"/Users/vladislavzimnikov/Projects/mintos-fe-task/src/main.tsx","all":true,"statementMap":{"0":{"start":{"line":1,"column":0},"end":{"line":1,"column":25}},"1":{"start":{"line":2,"column":0},"end":{"line":2,"column":39}},"2":{"start":{"line":3,"column":0},"end":{"line":3,"column":27}},"3":{"start":{"line":4,"column":0},"end":{"line":4,"column":20}},"4":{"start":{"line":5,"column":0},"end":{"line":5,"column":0}},"5":{"start":{"line":6,"column":0},"end":{"line":6,"column":61}},"6":{"start":{"line":7,"column":0},"end":{"line":7,"column":20}},"7":{"start":{"line":8,"column":0},"end":{"line":8,"column":11}},"8":{"start":{"line":9,"column":0},"end":{"line":9,"column":22}},"9":{"start":{"line":10,"column":0},"end":{"line":10,"column":1}}},"s":{"0":0,"1":0,"2":0,"3":0,"4":0,"5":0,"6":0,"7":0,"8":0,"9":0},"branchMap":{"0":{"type":"branch","line":1,"loc":{"start":{"line":1,"column":0},"end":{"line":10,"column":1}},"locations":[{"start":{"line":1,"column":0},"end":{"line":10,"column":1}}]}},"b":{"0":[0]},"fnMap":{"0":{"name":"(empty-report)","decl":{"start":{"line":1,"column":0},"end":{"line":10,"column":1}},"loc":{"start":{"line":1,"column":0},"end":{"line":10,"column":1}},"line":1}},"f":{"0":0}}
}
